# JRE version: Java(TM) SE Runtime Environment (8.0_121-b13) (build 1.8.0_121-b13)
# Java VM: Java HotSpot(TM) 64-Bit Server VM (25.121-b13 mixed mode linux-amd64 compressed oops)
Heap:
 PSYoungGen      total 356864K, used 0K [0x00000000d5580000, 0x00000000ee500000, 0x0000000100000000)
  eden space 313344K, 0% used [0x00000000d5580000,0x00000000d5580000,0x00000000e8780000)
  from space 43520K, 0% used [0x00000000eb200000,0x00000000eb200000,0x00000000edc80000)
  to   space 43520K, 0% used [0x00000000e8780000,0x00000000e8780000,0x00000000eb200000)
 ParOldGen       total 699392K, used 30119K [0x0000000080000000, 0x00000000aab00000, 0x00000000d5580000)
  object space 699392K, 4% used [0x0000000080000000,0x0000000081d69d80,0x00000000aab00000)
 Metaspace       used 33743K, capacity 35094K, committed 35416K, reserved 1077248K
  class space    used 6817K, capacity 6945K, committed 7040K, reserved 1048576K
GC Heap History (10 events):
Event: 11.253 GC heap after
Heap after GC invocations=1 (full 0):
 PSYoungGen      total 305664K, used 34079K [0x00000000d5580000, 0x00000000eaa80000, 0x0000000100000000)
  eden space 262144K, 0% used [0x00000000d5580000,0x00000000d5580000,0x00000000e5580000)
  from space 43520K, 78% used [0x00000000e5580000,0x00000000e76c7e50,0x00000000e8000000)
  to   space 43520K, 0% used [0x00000000e8000000,0x00000000e8000000,0x00000000eaa80000)
 ParOldGen       total 699392K, used 8K [0x0000000080000000, 0x00000000aab00000, 0x00000000d5580000)
  object space 699392K, 0% used [0x0000000080000000,0x0000000080002000,0x00000000aab00000)
 Metaspace       used 21048K, capacity 21156K, committed 21248K, reserved 1064960K
  class space    used 4797K, capacity 4820K, committed 4864K, reserved 1048576K
}
Event: 11.253 GC heap before
{Heap before GC invocations=2 (full 1):
 PSYoungGen      total 305664K, used 34079K [0x00000000d5580000, 0x00000000eaa80000, 0x0000000100000000)
  eden space 262144K, 0% used [0x00000000d5580000,0x00000000d5580000,0x00000000e5580000)
  from space 43520K, 78% used [0x00000000e5580000,0x00000000e76c7e50,0x00000000e8000000)
  to   space 43520K, 0% used [0x00000000e8000000,0x00000000e8000000,0x00000000eaa80000)
 ParOldGen       total 699392K, used 8K [0x0000000080000000, 0x00000000aab00000, 0x00000000d5580000)
  object space 699392K, 0% used [0x0000000080000000,0x0000000080002000,0x00000000aab00000)
 Metaspace       used 21048K, capacity 21156K, committed 21248K, reserved 1064960K
  class space    used 4797K, capacity 4820K, committed 4864K, reserved 1048576K
Event: 11.616 GC heap after
Heap after GC invocations=2 (full 1):
 PSYoungGen      total 305664K, used 0K [0x00000000d5580000, 0x00000000eaa80000, 0x0000000100000000)
  eden space 262144K, 0% used [0x00000000d5580000,0x00000000d5580000,0x00000000e5580000)
  from space 43520K, 0% used [0x00000000e5580000,0x00000000e5580000,0x00000000e8000000)
  to   space 43520K, 0% used [0x00000000e8000000,0x00000000e8000000,0x00000000eaa80000)
 ParOldGen       total 699392K, used 33446K [0x0000000080000000, 0x00000000aab00000, 0x00000000d5580000)
  object space 699392K, 4% used [0x0000000080000000,0x00000000820a9a18,0x00000000aab00000)
 Metaspace       used 21048K, capacity 21156K, committed 21248K, reserved 1064960K
  class space    used 4797K, capacity 4820K, committed 4864K, reserved 1048576K
}
Event: 17.192 GC heap before
{Heap before GC invocations=3 (full 1):
 PSYoungGen      total 305664K, used 262144K [0x00000000d5580000, 0x00000000eaa80000, 0x0000000100000000)
  eden space 262144K, 100% used [0x00000000d5580000,0x00000000e5580000,0x00000000e5580000)
  from space 43520K, 0% used [0x00000000e5580000,0x00000000e5580000,0x00000000e8000000)
  to   space 43520K, 0% used [0x00000000e8000000,0x00000000e8000000,0x00000000eaa80000)
 ParOldGen       total 699392K, used 33446K [0x0000000080000000, 0x00000000aab00000, 0x00000000d5580000)
  object space 699392K, 4% used [0x0000000080000000,0x00000000820a9a18,0x00000000aab00000)
 Metaspace       used 27029K, capacity 27896K, committed 28032K, reserved 1071104K
  class space    used 5845K, capacity 5903K, committed 6016K, reserved 1048576K
Event: 17.241 GC heap after
Heap after GC invocations=3 (full 1):
 PSYoungGen      total 305664K, used 6347K [0x00000000d5580000, 0x00000000ed880000, 0x0000000100000000)
  eden space 262144K, 0% used [0x00000000d5580000,0x00000000d5580000,0x00000000e5580000)
  from space 43520K, 14% used [0x00000000e8000000,0x00000000e8632f00,0x00000000eaa80000)
  to   space 43520K, 0% used [0x00000000e5580000,0x00000000e5580000,0x00000000e8000000)
 ParOldGen       total 699392K, used 33454K [0x0000000080000000, 0x00000000aab00000, 0x00000000d5580000)
  object space 699392K, 4% used [0x0000000080000000,0x00000000820aba18,0x00000000aab00000)
 Metaspace       used 27029K, capacity 27896K, committed 28032K, reserved 1071104K
  class space    used 5845K, capacity 5903K, committed 6016K, reserved 1048576K
}
Event: 20.278 GC heap before
{Heap before GC invocations=4 (full 1):
 PSYoungGen      total 305664K, used 268476K [0x00000000d5580000, 0x00000000ed880000, 0x0000000100000000)
  eden space 262144K, 99% used [0x00000000d5580000,0x00000000e557c2d8,0x00000000e5580000)
  from space 43520K, 14% used [0x00000000e8000000,0x00000000e8632f00,0x00000000eaa80000)
  to   space 43520K, 0% used [0x00000000e5580000,0x00000000e5580000,0x00000000e8000000)
 ParOldGen       total 699392K, used 33454K [0x0000000080000000, 0x00000000aab00000, 0x00000000d5580000)
  object space 699392K, 4% used [0x0000000080000000,0x00000000820aba18,0x00000000aab00000)
 Metaspace       used 30969K, capacity 32324K, committed 32640K, reserved 1075200K
  class space    used 6325K, capacity 6431K, committed 6528K, reserved 1048576K
Event: 20.306 GC heap after
Heap after GC invocations=4 (full 1):
 PSYoungGen      total 305664K, used 7275K [0x00000000d5580000, 0x00000000edc80000, 0x0000000100000000)
  eden space 262144K, 0% used [0x00000000d5580000,0x00000000d5580000,0x00000000e5580000)
  from space 43520K, 16% used [0x00000000e5580000,0x00000000e5c9adf8,0x00000000e8000000)
  to   space 43520K, 0% used [0x00000000eb200000,0x00000000eb200000,0x00000000edc80000)
 ParOldGen       total 699392K, used 33454K [0x0000000080000000, 0x00000000aab00000, 0x00000000d5580000)
  object space 699392K, 4% used [0x0000000080000000,0x00000000820aba18,0x00000000aab00000)
 Metaspace       used 30969K, capacity 32324K, committed 32640K, reserved 1075200K
  class space    used 6325K, capacity 6431K, committed 6528K, reserved 1048576K
}
Event: 21.530 GC heap before
{Heap before GC invocations=5 (full 1):
 PSYoungGen      total 305664K, used 102880K [0x00000000d5580000, 0x00000000edc80000, 0x0000000100000000)
  eden space 262144K, 36% used [0x00000000d5580000,0x00000000db2dd558,0x00000000e5580000)
  from space 43520K, 16% used [0x00000000e5580000,0x00000000e5c9adf8,0x00000000e8000000)
  to   space 43520K, 0% used [0x00000000eb200000,0x00000000eb200000,0x00000000edc80000)
 ParOldGen       total 699392K, used 33454K [0x0000000080000000, 0x00000000aab00000, 0x00000000d5580000)
  object space 699392K, 4% used [0x0000000080000000,0x00000000820aba18,0x00000000aab00000)
 Metaspace       used 33807K, capacity 35260K, committed 35416K, reserved 1077248K
  class space    used 6820K, capacity 6955K, committed 7040K, reserved 1048576K
Event: 21.548 GC heap after
Heap after GC invocations=5 (full 1):
 PSYoungGen      total 356864K, used 7118K [0x00000000d5580000, 0x00000000ee500000, 0x0000000100000000)
  eden space 313344K, 0% used [0x00000000d5580000,0x00000000d5580000,0x00000000e8780000)
  from space 43520K, 16% used [0x00000000eb200000,0x00000000eb8f3bb0,0x00000000edc80000)
  to   space 43520K, 0% used [0x00000000e8780000,0x00000000e8780000,0x00000000eb200000)
 ParOldGen       total 699392K, used 33462K [0x0000000080000000, 0x00000000aab00000, 0x00000000d5580000)
  object space 699392K, 4% used [0x0000000080000000,0x00000000820ada18,0x00000000aab00000)
 Metaspace       used 33807K, capacity 35260K, committed 35416K, reserved 1077248K
  class space    used 6820K, capacity 6955K, committed 7040K, reserved 1048576K
}
Event: 21.548 GC heap before
{Heap before GC invocations=6 (full 2):
 PSYoungGen      total 356864K, used 7118K [0x00000000d5580000, 0x00000000ee500000, 0x0000000100000000)
  eden space 313344K, 0% used [0x00000000d5580000,0x00000000d5580000,0x00000000e8780000)
  from space 43520K, 16% used [0x00000000eb200000,0x00000000eb8f3bb0,0x00000000edc80000)
  to   space 43520K, 0% used [0x00000000e8780000,0x00000000e8780000,0x00000000eb200000)
 ParOldGen       total 699392K, used 33462K [0x0000000080000000, 0x00000000aab00000, 0x00000000d5580000)
  object space 699392K, 4% used [0x0000000080000000,0x00000000820ada18,0x00000000aab00000)
 Metaspace       used 33807K, capacity 35260K, committed 35416K, reserved 1077248K
  class space    used 6820K, capacity 6955K, committed 7040K, reserved 1048576K

